<?xml version="1.0" encoding="UTF-8"?>
<testng-results ignored="0" total="1" passed="1" failed="0" skipped="0">
  <reporter-output>
    <line>
      <![CDATA[boss hii]]>
    </line>
  </reporter-output>
  <suite started-at="2023-09-07T16:39:23 IST" name="Default suite" finished-at="2023-09-07T16:39:23 IST" duration-ms="70">
    <groups>
    </groups>
    <test started-at="2023-09-07T16:39:23 IST" name="Default test" finished-at="2023-09-07T16:39:23 IST" duration-ms="70">
      <class name="ram.One">
        <test-method signature="aa()[pri:0, instance:ram.One@6cd28fa7]" started-at="2023-09-07T16:39:23 IST" name="aa" finished-at="2023-09-07T16:39:23 IST" duration-ms="19" status="PASS">
          <reporter-output>
            <line>
              <![CDATA[boss hii]]>
            </line>
          </reporter-output>
        </test-method> <!-- aa -->
      </class> <!-- ram.One -->
    </test> <!-- Default test -->
  </suite> <!-- Default suite -->
</testng-results>
